<?xml version="1.0" encoding="UTF-8"?>
<!-- Generated by org.testng.reporters.JUnitReportReporter -->
<testsuite hostname="4-ME" failures="0" tests="2" name="testngpk.Googletest" time="9.179" errors="0" timestamp="2022-04-08T14:29:51 EDT" skipped="0">
  <testcase classname="testngpk.Googletest" name="gettitle" time="5.235"/>
  <system-out/>
  <testcase classname="testngpk.Googletest" name="dispaltimag" time="3.944"/>
  <system-out/>
</testsuite> <!-- testngpk.Googletest -->
