<?xml version="1.0" encoding="UTF-8"?>
<!-- Generated by org.testng.reporters.JUnitReportReporter -->
<testsuite hostname="4-ME" failures="0" tests="11" name="testngpk.Testing2" time="0.036" errors="0" timestamp="2022-04-08T14:55:56 EDT" skipped="0">
  <testcase classname="testngpk.Testing2" name="test5" time="0.002"/>
  <system-out/>
  <testcase classname="testngpk.Testing2" name="test5" time="0.002"/>
  <system-out/>
  <testcase classname="testngpk.Testing2" name="test5" time="0.003"/>
  <system-out/>
  <testcase classname="testngpk.Testing2" name="test5" time="0.005"/>
  <system-out/>
  <testcase classname="testngpk.Testing2" name="test5" time="0.002"/>
  <system-out/>
  <testcase classname="testngpk.Testing2" name="test4" time="0.012"/>
  <system-out/>
  <testcase classname="testngpk.Testing2" name="test5" time="0.001"/>
  <system-out/>
  <testcase classname="testngpk.Testing2" name="test5" time="0.002"/>
  <system-out/>
  <testcase classname="testngpk.Testing2" name="test5" time="0.003"/>
  <system-out/>
  <testcase classname="testngpk.Testing2" name="test5" time="0.002"/>
  <system-out/>
  <testcase classname="testngpk.Testing2" name="test5" time="0.002"/>
  <system-out/>
</testsuite> <!-- testngpk.Testing2 -->
