<?xml version="1.0" encoding="UTF-8"?>
<!-- Generated by org.testng.reporters.JUnitReportReporter -->
<testsuite hostname="4-ME" failures="0" tests="1" name="testngpk.testing3" time="0.007" errors="0" timestamp="2022-04-08T00:03:44 EDT" skipped="0">
  <testcase classname="testngpk.testing3" name="creteuser" time="0.007"/>
  <system-out/>
</testsuite> <!-- testngpk.testing3 -->
