<?xml version="1.0" encoding="UTF-8"?>
<!-- Generated by org.testng.reporters.JUnitReportReporter -->
<testsuite hostname="4-ME" failures="0" tests="7" name="testngpk.Testing1" time="0.002" errors="0" timestamp="08 Apr 2022 16:31:08 GMT" skipped="0">
  <testcase classname="testngpk.Testing1" name="d" time="0.001"/>
  <testcase classname="testngpk.Testing1" name="test3" time="0.000"/>
  <testcase classname="testngpk.Testing1" name="f" time="0.000"/>
  <testcase classname="testngpk.Testing1" name="d" time="0.000"/>
  <testcase classname="testngpk.Testing1" name="test1" time="0.001"/>
  <testcase classname="testngpk.Testing1" name="test2" time="0.000"/>
  <testcase classname="testngpk.Testing1" name="f" time="0.000"/>
</testsuite> <!-- testngpk.Testing1 -->
