<?xml version="1.0" encoding="UTF-8"?>
<!-- Generated by org.testng.reporters.JUnitReportReporter -->
<testsuite hostname="4-ME" failures="0" tests="2" name="testngpk.Test2" time="0.016" errors="0" timestamp="2022-04-07T23:24:03 EDT" skipped="0">
  <testcase classname="testngpk.Test2" name="test4" time="0.013"/>
  <system-out/>
  <testcase classname="testngpk.Test2" name="test5" time="0.003"/>
  <system-out/>
</testsuite> <!-- testngpk.Test2 -->
