<?xml version="1.0" encoding="UTF-8"?>
<!-- Generated by org.testng.reporters.JUnitReportReporter -->
<testsuite hostname="4-ME" failures="0" tests="3" name="testngpk.Testing4" time="0.004" errors="0" timestamp="08 Apr 2022 16:31:08 GMT" skipped="0">
  <testcase classname="testngpk.Testing4" name="creteuser" time="0.002"/>
  <testcase classname="testngpk.Testing4" name="edituser" time="0.001"/>
  <testcase classname="testngpk.Testing4" name="deleteuser" time="0.001"/>
</testsuite> <!-- testngpk.Testing4 -->
